<?xml version="1.0" encoding="UTF-8"?>
<coverage generated="1484734334296" clover="3.2.0">
  <project timestamp="1484734334296" name="All files">
    <metrics statements="10" coveredstatements="10" conditionals="0" coveredconditionals="0" methods="6" coveredmethods="6" elements="16" coveredelements="16" complexity="0" loc="10" ncloc="10" packages="1" files="2" classes="2">
      <file name="Search.js" path="/Users/Yogesh/Projects/com-intro-react/js/Search.js">
        <metrics statements="8" coveredstatements="8" conditionals="0" coveredconditionals="0" methods="5" coveredmethods="5"/>
        <line num="8" count="3" type="stmt"/>
        <line num="9" count="3" type="stmt"/>
        <line num="12" count="3" type="stmt"/>
        <line num="16" count="1" type="stmt"/>
        <line num="20" count="4" type="stmt"/>
        <line num="29" count="84" type="stmt"/>
        <line num="33" count="65" type="stmt"/>
        <line num="43" count="1" type="stmt"/>
      </file>
      <file name="ShowCard.js" path="/Users/Yogesh/Projects/com-intro-react/js/ShowCard.js">
        <metrics statements="2" coveredstatements="2" conditionals="0" coveredconditionals="0" methods="1" coveredmethods="1"/>
        <line num="5" count="1" type="stmt"/>
        <line num="6" count="1" type="stmt"/>
      </file>
    </metrics>
  </project>
</coverage>
