{"/Users/Yogesh/Projects/com-intro-react/js/Search.js": {"path":"/Users/Yogesh/Projects/com-intro-react/js/Search.js","statementMap":{"0":{"start":{"line":8,"column":4},"end":{"line":8,"column":16}},"1":{"start":{"line":9,"column":4},"end":{"line":11,"column":5}},"2":{"start":{"line":12,"column":4},"end":{"line":12,"column":72}},"3":{"start":{"line":16,"column":6},"end":{"line":16,"column":49}},"4":{"start":{"line":20,"column":4},"end":{"line":39,"column":5}},"5":{"start":{"line":29,"column":14},"end":{"line":30,"column":86}},"6":{"start":{"line":33,"column":12},"end":{"line":35,"column":13}},"7":{"start":{"line":43,"column":0},"end":{"line":50,"column":1}}},"fnMap":{"0":{"name":"(anonymous_0)","decl":{"start":{"line":7,"column":2},"end":{"line":7,"column":3}},"loc":{"start":{"line":7,"column":21},"end":{"line":13,"column":3}}},"1":{"name":"(anonymous_1)","decl":{"start":{"line":15,"column":2},"end":{"line":15,"column":3}},"loc":{"start":{"line":15,"column":29},"end":{"line":17,"column":3}}},"2":{"name":"(anonymous_2)","decl":{"start":{"line":19,"column":2},"end":{"line":19,"column":3}},"loc":{"start":{"line":19,"column":12},"end":{"line":40,"column":3}}},"3":{"name":"(anonymous_3)","decl":{"start":{"line":28,"column":20},"end":{"line":28,"column":21}},"loc":{"start":{"line":28,"column":30},"end":{"line":31,"column":13}}},"4":{"name":"(anonymous_4)","decl":{"start":{"line":32,"column":17},"end":{"line":32,"column":18}},"loc":{"start":{"line":32,"column":27},"end":{"line":36,"column":11}}}},"branchMap":{},"s":{"0":3,"1":3,"2":3,"3":1,"4":4,"5":84,"6":65,"7":1},"f":{"0":3,"1":1,"2":4,"3":84,"4":65},"b":{},"_coverageSchema":"332fd63041d2c1bcb487cc26dd0d5f7d97098a6c","hash":"51d54440315cd16477c6b302aa141efb3632c13f"}
,"/Users/Yogesh/Projects/com-intro-react/js/ShowCard.js": {"path":"/Users/Yogesh/Projects/com-intro-react/js/ShowCard.js","statementMap":{"0":{"start":{"line":5,"column":49},"end":{"line":5,"column":64}},"1":{"start":{"line":6,"column":4},"end":{"line":15,"column":5}}},"fnMap":{"0":{"name":"(anonymous_0)","decl":{"start":{"line":4,"column":2},"end":{"line":4,"column":3}},"loc":{"start":{"line":4,"column":11},"end":{"line":16,"column":3}}}},"branchMap":{},"s":{"0":1,"1":1},"f":{"0":1},"b":{},"_coverageSchema":"332fd63041d2c1bcb487cc26dd0d5f7d97098a6c","hash":"1b4d21b1520812988dc7539b0a4a82ff76dca19f"}
}
