TN:
SF:/Users/Yogesh/Projects/com-intro-react/js/Search.js
FN:7,(anonymous_0)
FN:15,(anonymous_1)
FN:19,(anonymous_2)
FN:28,(anonymous_3)
FN:32,(anonymous_4)
FNF:5
FNH:5
FNDA:3,(anonymous_0)
FNDA:1,(anonymous_1)
FNDA:4,(anonymous_2)
FNDA:84,(anonymous_3)
FNDA:65,(anonymous_4)
DA:8,3
DA:9,3
DA:12,3
DA:16,1
DA:20,4
DA:29,84
DA:33,65
DA:43,1
LF:8
LH:8
BRF:0
BRH:0
end_of_record
TN:
SF:/Users/Yogesh/Projects/com-intro-react/js/ShowCard.js
FN:4,(anonymous_0)
FNF:1
FNH:1
FNDA:1,(anonymous_0)
DA:5,1
DA:6,1
LF:2
LH:2
BRF:0
BRH:0
end_of_record
